<?xml version="1.0" encoding="UTF-8"?>
<!-- Generated by org.testng.reporters.JUnitReportReporter -->
<testsuite hostname="vmt12493" failures="0" tests="1" name="com.testcases.Testcaseorange" time="6.723" errors="0" timestamp="29 Sep 2021 05:31:09 GMT" skipped="0">
  <testcase classname="com.testcases.Testcaseorange" name="Loginpagetest" time="6.723"/>
</testsuite> <!-- com.testcases.Testcaseorange -->
